Analysis & Synthesis report for CPU
Sat Apr 04 20:52:51 2020
Quartus Prime Version 19.1.0 Build 670 09/22/2019 SJ Lite Edition


---------------------
; Table of Contents ;
---------------------
  1. Legal Notice
  2. Analysis & Synthesis Summary
  3. Analysis & Synthesis Settings
  4. Parallel Compilation
  5. Analysis & Synthesis Source Files Read
  6. Analysis & Synthesis Resource Usage Summary
  7. Analysis & Synthesis Resource Utilization by Entity
  8. General Register Statistics
  9. Parameter Settings for User Entity Instance: accRISCV:CPU_1
 10. Port Connectivity Checks: "accRISCV:CPU_1"
 11. Post-Synthesis Netlist Statistics for Top Partition
 12. Elapsed Time Per Partition
 13. Analysis & Synthesis Messages
 14. Analysis & Synthesis Suppressed Messages



----------------
; Legal Notice ;
----------------
Copyright (C) 2019  Intel Corporation. All rights reserved.
Your use of Intel Corporation's design tools, logic functions 
and other software and tools, and any partner logic 
functions, and any output files from any of the foregoing 
(including device programming or simulation files), and any 
associated documentation or information are expressly subject 
to the terms and conditions of the Intel Program License 
Subscription Agreement, the Intel Quartus Prime License Agreement,
the Intel FPGA IP License Agreement, or other applicable license
agreement, including, without limitation, that your use is for
the sole purpose of programming logic devices manufactured by
Intel and sold by Intel or its authorized distributors.  Please
refer to the applicable agreement for further details, at
https://fpgasoftware.intel.com/eula.



+----------------------------------------------------------------------------------+
; Analysis & Synthesis Summary                                                     ;
+------------------------------------+---------------------------------------------+
; Analysis & Synthesis Status        ; Successful - Sat Apr 04 20:52:51 2020       ;
; Quartus Prime Version              ; 19.1.0 Build 670 09/22/2019 SJ Lite Edition ;
; Revision Name                      ; CPU                                         ;
; Top-level Entity Name              ; top                                         ;
; Family                             ; Cyclone IV E                                ;
; Total logic elements               ; 0                                           ;
;     Total combinational functions  ; 0                                           ;
;     Dedicated logic registers      ; 0                                           ;
; Total registers                    ; 0                                           ;
; Total pins                         ; 15                                          ;
; Total virtual pins                 ; 0                                           ;
; Total memory bits                  ; 0                                           ;
; Embedded Multiplier 9-bit elements ; 0                                           ;
; Total PLLs                         ; 0                                           ;
+------------------------------------+---------------------------------------------+


+------------------------------------------------------------------------------------------------------------+
; Analysis & Synthesis Settings                                                                              ;
+------------------------------------------------------------------+--------------------+--------------------+
; Option                                                           ; Setting            ; Default Value      ;
+------------------------------------------------------------------+--------------------+--------------------+
; Device                                                           ; EP4CE6F17C6        ;                    ;
; Top-level entity name                                            ; top                ; CPU                ;
; Family name                                                      ; Cyclone IV E       ; Cyclone V          ;
; Use smart compilation                                            ; Off                ; Off                ;
; Enable parallel Assembler and Timing Analyzer during compilation ; On                 ; On                 ;
; Enable compact report table                                      ; Off                ; Off                ;
; Restructure Multiplexers                                         ; Auto               ; Auto               ;
; Create Debugging Nodes for IP Cores                              ; Off                ; Off                ;
; Preserve fewer node names                                        ; On                 ; On                 ;
; Intel FPGA IP Evaluation Mode                                    ; Enable             ; Enable             ;
; Verilog Version                                                  ; Verilog_2001       ; Verilog_2001       ;
; VHDL Version                                                     ; VHDL_1993          ; VHDL_1993          ;
; State Machine Processing                                         ; Auto               ; Auto               ;
; Safe State Machine                                               ; Off                ; Off                ;
; Extract Verilog State Machines                                   ; On                 ; On                 ;
; Extract VHDL State Machines                                      ; On                 ; On                 ;
; Ignore Verilog initial constructs                                ; Off                ; Off                ;
; Iteration limit for constant Verilog loops                       ; 5000               ; 5000               ;
; Iteration limit for non-constant Verilog loops                   ; 250                ; 250                ;
; Add Pass-Through Logic to Inferred RAMs                          ; On                 ; On                 ;
; Infer RAMs from Raw Logic                                        ; On                 ; On                 ;
; Parallel Synthesis                                               ; On                 ; On                 ;
; DSP Block Balancing                                              ; Auto               ; Auto               ;
; NOT Gate Push-Back                                               ; On                 ; On                 ;
; Power-Up Don't Care                                              ; On                 ; On                 ;
; Remove Redundant Logic Cells                                     ; Off                ; Off                ;
; Remove Duplicate Registers                                       ; On                 ; On                 ;
; Ignore CARRY Buffers                                             ; Off                ; Off                ;
; Ignore CASCADE Buffers                                           ; Off                ; Off                ;
; Ignore GLOBAL Buffers                                            ; Off                ; Off                ;
; Ignore ROW GLOBAL Buffers                                        ; Off                ; Off                ;
; Ignore LCELL Buffers                                             ; Off                ; Off                ;
; Ignore SOFT Buffers                                              ; On                 ; On                 ;
; Limit AHDL Integers to 32 Bits                                   ; Off                ; Off                ;
; Optimization Technique                                           ; Balanced           ; Balanced           ;
; Carry Chain Length                                               ; 70                 ; 70                 ;
; Auto Carry Chains                                                ; On                 ; On                 ;
; Auto Open-Drain Pins                                             ; On                 ; On                 ;
; Perform WYSIWYG Primitive Resynthesis                            ; Off                ; Off                ;
; Auto ROM Replacement                                             ; On                 ; On                 ;
; Auto RAM Replacement                                             ; On                 ; On                 ;
; Auto DSP Block Replacement                                       ; On                 ; On                 ;
; Auto Shift Register Replacement                                  ; Auto               ; Auto               ;
; Allow Shift Register Merging across Hierarchies                  ; Auto               ; Auto               ;
; Auto Clock Enable Replacement                                    ; On                 ; On                 ;
; Strict RAM Replacement                                           ; Off                ; Off                ;
; Allow Synchronous Control Signals                                ; On                 ; On                 ;
; Force Use of Synchronous Clear Signals                           ; Off                ; Off                ;
; Auto RAM Block Balancing                                         ; On                 ; On                 ;
; Auto RAM to Logic Cell Conversion                                ; Off                ; Off                ;
; Auto Resource Sharing                                            ; Off                ; Off                ;
; Allow Any RAM Size For Recognition                               ; Off                ; Off                ;
; Allow Any ROM Size For Recognition                               ; Off                ; Off                ;
; Allow Any Shift Register Size For Recognition                    ; Off                ; Off                ;
; Use LogicLock Constraints during Resource Balancing              ; On                 ; On                 ;
; Ignore translate_off and synthesis_off directives                ; Off                ; Off                ;
; Timing-Driven Synthesis                                          ; On                 ; On                 ;
; Report Parameter Settings                                        ; On                 ; On                 ;
; Report Source Assignments                                        ; On                 ; On                 ;
; Report Connectivity Checks                                       ; On                 ; On                 ;
; Ignore Maximum Fan-Out Assignments                               ; Off                ; Off                ;
; Synchronization Register Chain Length                            ; 2                  ; 2                  ;
; Power Optimization During Synthesis                              ; Normal compilation ; Normal compilation ;
; HDL message level                                                ; Level2             ; Level2             ;
; Suppress Register Optimization Related Messages                  ; Off                ; Off                ;
; Number of Removed Registers Reported in Synthesis Report         ; 5000               ; 5000               ;
; Number of Swept Nodes Reported in Synthesis Report               ; 5000               ; 5000               ;
; Number of Inverted Registers Reported in Synthesis Report        ; 100                ; 100                ;
; Clock MUX Protection                                             ; On                 ; On                 ;
; Auto Gated Clock Conversion                                      ; Off                ; Off                ;
; Block Design Naming                                              ; Auto               ; Auto               ;
; SDC constraint protection                                        ; Off                ; Off                ;
; Synthesis Effort                                                 ; Auto               ; Auto               ;
; Shift Register Replacement - Allow Asynchronous Clear Signal     ; On                 ; On                 ;
; Pre-Mapping Resynthesis Optimization                             ; Off                ; Off                ;
; Analysis & Synthesis Message Level                               ; Medium             ; Medium             ;
; Disable Register Merging Across Hierarchies                      ; Auto               ; Auto               ;
; Resource Aware Inference For Block RAM                           ; On                 ; On                 ;
+------------------------------------------------------------------+--------------------+--------------------+


+------------------------------------------+
; Parallel Compilation                     ;
+----------------------------+-------------+
; Processors                 ; Number      ;
+----------------------------+-------------+
; Number detected on machine ; 16          ;
; Maximum allowed            ; 16          ;
;                            ;             ;
; Average used               ; 1.00        ;
; Maximum used               ; 1           ;
;                            ;             ;
; Usage by Processor         ; % Time Used ;
;     Processor 1            ; 100.0%      ;
+----------------------------+-------------+


+-------------------------------------------------------------------------------------------------------------------------+
; Analysis & Synthesis Source Files Read                                                                                  ;
+----------------------------------+-----------------+------------------------+---------------------------------+---------+
; File Name with User-Entered Path ; Used in Netlist ; File Type              ; File Name with Absolute Path    ; Library ;
+----------------------------------+-----------------+------------------------+---------------------------------+---------+
; top.v                            ; yes             ; User Verilog HDL File  ; D:/FPGA/accRISCV/CPU/top.v      ;         ;
; clkDiv.v                         ; yes             ; User Verilog HDL File  ; D:/FPGA/accRISCV/CPU/clkDiv.v   ;         ;
; accRISCV.v                       ; yes             ; User Verilog HDL File  ; D:/FPGA/accRISCV/CPU/accRISCV.v ;         ;
+----------------------------------+-----------------+------------------------+---------------------------------+---------+


+--------------------------------------------------------+
; Analysis & Synthesis Resource Usage Summary            ;
+---------------------------------------------+----------+
; Resource                                    ; Usage    ;
+---------------------------------------------+----------+
;                                             ;          ;
; Total combinational functions               ; 0        ;
; Logic element usage by number of LUT inputs ;          ;
;     -- 4 input functions                    ; 0        ;
;     -- 3 input functions                    ; 0        ;
;     -- <=2 input functions                  ; 0        ;
;                                             ;          ;
; Logic elements by mode                      ;          ;
;     -- normal mode                          ; 0        ;
;     -- arithmetic mode                      ; 0        ;
;                                             ;          ;
; Total registers                             ; 0        ;
;     -- Dedicated logic registers            ; 0        ;
;     -- I/O registers                        ; 0        ;
;                                             ;          ;
; I/O pins                                    ; 15       ;
;                                             ;          ;
; Embedded Multiplier 9-bit elements          ; 0        ;
;                                             ;          ;
; Maximum fan-out node                        ; CLOCK_50 ;
; Maximum fan-out                             ; 1        ;
; Total fan-out                               ; 15       ;
; Average fan-out                             ; 0.50     ;
+---------------------------------------------+----------+


+----------------------------------------------------------------------------------------------------------------------------------------------------------------------------------------------------------+
; Analysis & Synthesis Resource Utilization by Entity                                                                                                                                                      ;
+----------------------------+---------------------+---------------------------+-------------+--------------+---------+-----------+------+--------------+---------------------+-------------+--------------+
; Compilation Hierarchy Node ; Combinational ALUTs ; Dedicated Logic Registers ; Memory Bits ; DSP Elements ; DSP 9x9 ; DSP 18x18 ; Pins ; Virtual Pins ; Full Hierarchy Name ; Entity Name ; Library Name ;
+----------------------------+---------------------+---------------------------+-------------+--------------+---------+-----------+------+--------------+---------------------+-------------+--------------+
; |top                       ; 0 (0)               ; 0 (0)                     ; 0           ; 0            ; 0       ; 0         ; 15   ; 0            ; |top                ; top         ; work         ;
+----------------------------+---------------------+---------------------------+-------------+--------------+---------+-----------+------+--------------+---------------------+-------------+--------------+
Note: For table entries with two numbers listed, the numbers in parentheses indicate the number of resources of the given type used by the specific entity alone. The numbers listed outside of parentheses indicate the total resources of the given type used by the specific entity and all of its sub-entities in the hierarchy.


+------------------------------------------------------+
; General Register Statistics                          ;
+----------------------------------------------+-------+
; Statistic                                    ; Value ;
+----------------------------------------------+-------+
; Total registers                              ; 0     ;
; Number of registers using Synchronous Clear  ; 0     ;
; Number of registers using Synchronous Load   ; 0     ;
; Number of registers using Asynchronous Clear ; 0     ;
; Number of registers using Asynchronous Load  ; 0     ;
; Number of registers using Clock Enable       ; 0     ;
; Number of registers using Preset             ; 0     ;
+----------------------------------------------+-------+


+-------------------------------------------------------------+
; Parameter Settings for User Entity Instance: accRISCV:CPU_1 ;
+----------------+-------+------------------------------------+
; Parameter Name ; Value ; Type                               ;
+----------------+-------+------------------------------------+
; NOP            ; 0     ; Signed Integer                     ;
; LB             ; 1     ; Signed Integer                     ;
; LH             ; 2     ; Signed Integer                     ;
; LW             ; 3     ; Signed Integer                     ;
; LBU            ; 4     ; Signed Integer                     ;
; SB             ; 5     ; Signed Integer                     ;
; SH             ; 6     ; Signed Integer                     ;
; SW             ; 7     ; Signed Integer                     ;
; SLL            ; 8     ; Signed Integer                     ;
; SLLI           ; 9     ; Signed Integer                     ;
; SRL            ; 10    ; Signed Integer                     ;
; SRLI           ; 11    ; Signed Integer                     ;
; SRA            ; 12    ; Signed Integer                     ;
; SRAI           ; 13    ; Signed Integer                     ;
; ADD            ; 14    ; Signed Integer                     ;
; ADDI           ; 15    ; Signed Integer                     ;
; SUB            ; 16    ; Signed Integer                     ;
; LUI            ; 17    ; Signed Integer                     ;
; AUIPC          ; 18    ; Signed Integer                     ;
; XOR            ; 19    ; Signed Integer                     ;
; XORI           ; 20    ; Signed Integer                     ;
; OR             ; 21    ; Signed Integer                     ;
; ORI            ; 22    ; Signed Integer                     ;
; AND            ; 23    ; Signed Integer                     ;
; ANDI           ; 24    ; Signed Integer                     ;
; SLT            ; 25    ; Signed Integer                     ;
; SLTI           ; 26    ; Signed Integer                     ;
; SLTU           ; 27    ; Signed Integer                     ;
; SLTIU          ; 28    ; Signed Integer                     ;
; BEQ            ; 29    ; Signed Integer                     ;
; BNE            ; 30    ; Signed Integer                     ;
; BLT            ; 31    ; Signed Integer                     ;
; BGE            ; 32    ; Signed Integer                     ;
; BLTU           ; 33    ; Signed Integer                     ;
; BGEU           ; 34    ; Signed Integer                     ;
; JAL            ; 35    ; Signed Integer                     ;
; JALR           ; 36    ; Signed Integer                     ;
; FENCE          ; 37    ; Signed Integer                     ;
; FENCE_I        ; 38    ; Signed Integer                     ;
; SCALL          ; 39    ; Signed Integer                     ;
; SBREAK         ; 40    ; Signed Integer                     ;
; RDCYCLE        ; 41    ; Signed Integer                     ;
; RDCYCLEH       ; 42    ; Signed Integer                     ;
; RDTIME         ; 43    ; Signed Integer                     ;
; RDTIMEH        ; 44    ; Signed Integer                     ;
; RDINSTRET      ; 45    ; Signed Integer                     ;
; RDINSTRETH     ; 46    ; Signed Integer                     ;
+----------------+-------+------------------------------------+
Note: In order to hide this table in the UI and the text report file, please set the "Show Parameter Settings in Synthesis Report" option in "Analysis and Synthesis Settings -> More Settings" to "Off".


+----------------------------------------------------------------------------------------------------------------+
; Port Connectivity Checks: "accRISCV:CPU_1"                                                                     ;
+------+--------+----------+-------------------------------------------------------------------------------------+
; Port ; Type   ; Severity ; Details                                                                             ;
+------+--------+----------+-------------------------------------------------------------------------------------+
; inst ; Output ; Info     ; Connected to dangling logic. Logic that only feeds a dangling port will be removed. ;
; acc  ; Output ; Info     ; Connected to dangling logic. Logic that only feeds a dangling port will be removed. ;
; x    ; Output ; Info     ; Connected to dangling logic. Logic that only feeds a dangling port will be removed. ;
; sr   ; Output ; Info     ; Connected to dangling logic. Logic that only feeds a dangling port will be removed. ;
+------+--------+----------+-------------------------------------------------------------------------------------+


+-----------------------------------------------------+
; Post-Synthesis Netlist Statistics for Top Partition ;
+-----------------------+-----------------------------+
; Type                  ; Count                       ;
+-----------------------+-----------------------------+
; boundary_port         ; 15                          ;
; cycloneiii_lcell_comb ; 1                           ;
;     normal            ; 1                           ;
;         0 data inputs ; 1                           ;
;                       ;                             ;
; Max LUT depth         ; 0.00                        ;
; Average LUT depth     ; 0.00                        ;
+-----------------------+-----------------------------+


+-------------------------------+
; Elapsed Time Per Partition    ;
+----------------+--------------+
; Partition Name ; Elapsed Time ;
+----------------+--------------+
; Top            ; 00:00:00     ;
+----------------+--------------+


+-------------------------------+
; Analysis & Synthesis Messages ;
+-------------------------------+
Info: *******************************************************************
Info: Running Quartus Prime Analysis & Synthesis
    Info: Version 19.1.0 Build 670 09/22/2019 SJ Lite Edition
    Info: Processing started: Sat Apr 04 20:52:45 2020
Info: Command: quartus_map --read_settings_files=on --write_settings_files=off CPU -c CPU
Warning (18236): Number of processors has not been specified which may cause overloading on shared machines.  Set the global assignment NUM_PARALLEL_PROCESSORS in your QSF to an appropriate value for best performance.
Info (20030): Parallel compilation is enabled and will use 16 of the 16 processors detected
Info (12021): Found 1 design units, including 1 entities, in source file top.v
    Info (12023): Found entity 1: top File: D:/FPGA/accRISCV/CPU/top.v Line: 1
Info (12021): Found 1 design units, including 1 entities, in source file clkdiv.v
    Info (12023): Found entity 1: clkDiv File: D:/FPGA/accRISCV/CPU/clkDiv.v Line: 1
Info (12021): Found 1 design units, including 1 entities, in source file accriscv.v
    Info (12023): Found entity 1: accRISCV File: D:/FPGA/accRISCV/CPU/accRISCV.v Line: 1
Info (12127): Elaborating entity "top" for the top level hierarchy
Warning (10034): Output port "LED" at top.v(2) has no driver File: D:/FPGA/accRISCV/CPU/top.v Line: 2
Info (12128): Elaborating entity "clkDiv" for hierarchy "clkDiv:clkDiv_1" File: D:/FPGA/accRISCV/CPU/top.v Line: 15
Warning (10230): Verilog HDL assignment warning at clkDiv.v(8): truncated value with size 32 to match size of target (27) File: D:/FPGA/accRISCV/CPU/clkDiv.v Line: 8
Warning (10230): Verilog HDL assignment warning at clkDiv.v(15): truncated value with size 32 to match size of target (27) File: D:/FPGA/accRISCV/CPU/clkDiv.v Line: 15
Info (12128): Elaborating entity "accRISCV" for hierarchy "accRISCV:CPU_1" File: D:/FPGA/accRISCV/CPU/top.v Line: 16
Warning (10230): Verilog HDL assignment warning at accRISCV.v(109): truncated value with size 32 to match size of target (6) File: D:/FPGA/accRISCV/CPU/accRISCV.v Line: 109
Warning (10230): Verilog HDL assignment warning at accRISCV.v(110): truncated value with size 32 to match size of target (6) File: D:/FPGA/accRISCV/CPU/accRISCV.v Line: 110
Warning (10230): Verilog HDL assignment warning at accRISCV.v(111): truncated value with size 32 to match size of target (6) File: D:/FPGA/accRISCV/CPU/accRISCV.v Line: 111
Warning (10230): Verilog HDL assignment warning at accRISCV.v(112): truncated value with size 32 to match size of target (6) File: D:/FPGA/accRISCV/CPU/accRISCV.v Line: 112
Warning (10230): Verilog HDL assignment warning at accRISCV.v(113): truncated value with size 32 to match size of target (6) File: D:/FPGA/accRISCV/CPU/accRISCV.v Line: 113
Warning (10230): Verilog HDL assignment warning at accRISCV.v(114): truncated value with size 25 to match size of target (6) File: D:/FPGA/accRISCV/CPU/accRISCV.v Line: 114
Warning (10240): Verilog HDL Always Construct warning at accRISCV.v(98): inferring latch(es) for variable "x", which holds its previous value in one or more paths through the always construct File: D:/FPGA/accRISCV/CPU/accRISCV.v Line: 98
Warning (10240): Verilog HDL Always Construct warning at accRISCV.v(98): inferring latch(es) for variable "sr", which holds its previous value in one or more paths through the always construct File: D:/FPGA/accRISCV/CPU/accRISCV.v Line: 98
Warning (10030): Net "IM.data_a" at accRISCV.v(17) has no driver or initial value, using a default initial value '0' File: D:/FPGA/accRISCV/CPU/accRISCV.v Line: 17
Warning (10030): Net "IM.waddr_a" at accRISCV.v(17) has no driver or initial value, using a default initial value '0' File: D:/FPGA/accRISCV/CPU/accRISCV.v Line: 17
Warning (10030): Net "IM.we_a" at accRISCV.v(17) has no driver or initial value, using a default initial value '0' File: D:/FPGA/accRISCV/CPU/accRISCV.v Line: 17
Info (10041): Inferred latch for "sr" at accRISCV.v(98) File: D:/FPGA/accRISCV/CPU/accRISCV.v Line: 98
Info (10041): Inferred latch for "x[0]" at accRISCV.v(98) File: D:/FPGA/accRISCV/CPU/accRISCV.v Line: 98
Info (10041): Inferred latch for "x[1]" at accRISCV.v(98) File: D:/FPGA/accRISCV/CPU/accRISCV.v Line: 98
Info (10041): Inferred latch for "x[2]" at accRISCV.v(98) File: D:/FPGA/accRISCV/CPU/accRISCV.v Line: 98
Info (10041): Inferred latch for "x[3]" at accRISCV.v(98) File: D:/FPGA/accRISCV/CPU/accRISCV.v Line: 98
Info (10041): Inferred latch for "x[4]" at accRISCV.v(98) File: D:/FPGA/accRISCV/CPU/accRISCV.v Line: 98
Info (10041): Inferred latch for "x[5]" at accRISCV.v(98) File: D:/FPGA/accRISCV/CPU/accRISCV.v Line: 98
Info (10041): Inferred latch for "x[6]" at accRISCV.v(98) File: D:/FPGA/accRISCV/CPU/accRISCV.v Line: 98
Info (10041): Inferred latch for "x[7]" at accRISCV.v(98) File: D:/FPGA/accRISCV/CPU/accRISCV.v Line: 98
Info (10041): Inferred latch for "x[8]" at accRISCV.v(98) File: D:/FPGA/accRISCV/CPU/accRISCV.v Line: 98
Info (10041): Inferred latch for "x[9]" at accRISCV.v(98) File: D:/FPGA/accRISCV/CPU/accRISCV.v Line: 98
Info (10041): Inferred latch for "x[10]" at accRISCV.v(98) File: D:/FPGA/accRISCV/CPU/accRISCV.v Line: 98
Info (10041): Inferred latch for "x[11]" at accRISCV.v(98) File: D:/FPGA/accRISCV/CPU/accRISCV.v Line: 98
Info (10041): Inferred latch for "x[12]" at accRISCV.v(98) File: D:/FPGA/accRISCV/CPU/accRISCV.v Line: 98
Info (10041): Inferred latch for "x[13]" at accRISCV.v(98) File: D:/FPGA/accRISCV/CPU/accRISCV.v Line: 98
Info (10041): Inferred latch for "x[14]" at accRISCV.v(98) File: D:/FPGA/accRISCV/CPU/accRISCV.v Line: 98
Info (10041): Inferred latch for "x[15]" at accRISCV.v(98) File: D:/FPGA/accRISCV/CPU/accRISCV.v Line: 98
Info (10041): Inferred latch for "x[16]" at accRISCV.v(98) File: D:/FPGA/accRISCV/CPU/accRISCV.v Line: 98
Info (10041): Inferred latch for "x[17]" at accRISCV.v(98) File: D:/FPGA/accRISCV/CPU/accRISCV.v Line: 98
Info (10041): Inferred latch for "x[18]" at accRISCV.v(98) File: D:/FPGA/accRISCV/CPU/accRISCV.v Line: 98
Info (10041): Inferred latch for "x[19]" at accRISCV.v(98) File: D:/FPGA/accRISCV/CPU/accRISCV.v Line: 98
Info (10041): Inferred latch for "x[20]" at accRISCV.v(98) File: D:/FPGA/accRISCV/CPU/accRISCV.v Line: 98
Info (10041): Inferred latch for "x[21]" at accRISCV.v(98) File: D:/FPGA/accRISCV/CPU/accRISCV.v Line: 98
Info (10041): Inferred latch for "x[22]" at accRISCV.v(98) File: D:/FPGA/accRISCV/CPU/accRISCV.v Line: 98
Info (10041): Inferred latch for "x[23]" at accRISCV.v(98) File: D:/FPGA/accRISCV/CPU/accRISCV.v Line: 98
Info (10041): Inferred latch for "x[24]" at accRISCV.v(98) File: D:/FPGA/accRISCV/CPU/accRISCV.v Line: 98
Info (10041): Inferred latch for "x[25]" at accRISCV.v(98) File: D:/FPGA/accRISCV/CPU/accRISCV.v Line: 98
Info (10041): Inferred latch for "x[26]" at accRISCV.v(98) File: D:/FPGA/accRISCV/CPU/accRISCV.v Line: 98
Info (10041): Inferred latch for "x[27]" at accRISCV.v(98) File: D:/FPGA/accRISCV/CPU/accRISCV.v Line: 98
Info (10041): Inferred latch for "x[28]" at accRISCV.v(98) File: D:/FPGA/accRISCV/CPU/accRISCV.v Line: 98
Info (10041): Inferred latch for "x[29]" at accRISCV.v(98) File: D:/FPGA/accRISCV/CPU/accRISCV.v Line: 98
Info (10041): Inferred latch for "x[30]" at accRISCV.v(98) File: D:/FPGA/accRISCV/CPU/accRISCV.v Line: 98
Info (10041): Inferred latch for "x[31]" at accRISCV.v(98) File: D:/FPGA/accRISCV/CPU/accRISCV.v Line: 98
Warning (13024): Output pins are stuck at VCC or GND
    Warning (13410): Pin "LED[0]" is stuck at GND File: D:/FPGA/accRISCV/CPU/top.v Line: 2
    Warning (13410): Pin "LED[1]" is stuck at GND File: D:/FPGA/accRISCV/CPU/top.v Line: 2
    Warning (13410): Pin "LED[2]" is stuck at GND File: D:/FPGA/accRISCV/CPU/top.v Line: 2
    Warning (13410): Pin "LED[3]" is stuck at GND File: D:/FPGA/accRISCV/CPU/top.v Line: 2
    Warning (13410): Pin "LED[4]" is stuck at GND File: D:/FPGA/accRISCV/CPU/top.v Line: 2
    Warning (13410): Pin "LED[5]" is stuck at GND File: D:/FPGA/accRISCV/CPU/top.v Line: 2
    Warning (13410): Pin "LED[6]" is stuck at GND File: D:/FPGA/accRISCV/CPU/top.v Line: 2
    Warning (13410): Pin "LED[7]" is stuck at GND File: D:/FPGA/accRISCV/CPU/top.v Line: 2
Info (144001): Generated suppressed messages file D:/FPGA/accRISCV/CPU/output_files/CPU.map.smsg
Info (16010): Generating hard_block partition "hard_block:auto_generated_inst"
    Info (16011): Adding 0 node(s), including 0 DDIO, 0 PLL, 0 transceiver and 0 LCELL
Warning (21074): Design contains 7 input pin(s) that do not drive logic
    Warning (15610): No output dependent on input pin "CLOCK_50" File: D:/FPGA/accRISCV/CPU/top.v Line: 1
    Warning (15610): No output dependent on input pin "KEY[0]" File: D:/FPGA/accRISCV/CPU/top.v Line: 3
    Warning (15610): No output dependent on input pin "KEY[1]" File: D:/FPGA/accRISCV/CPU/top.v Line: 3
    Warning (15610): No output dependent on input pin "SW[0]" File: D:/FPGA/accRISCV/CPU/top.v Line: 5
    Warning (15610): No output dependent on input pin "SW[1]" File: D:/FPGA/accRISCV/CPU/top.v Line: 5
    Warning (15610): No output dependent on input pin "SW[2]" File: D:/FPGA/accRISCV/CPU/top.v Line: 5
    Warning (15610): No output dependent on input pin "SW[3]" File: D:/FPGA/accRISCV/CPU/top.v Line: 5
Info (21057): Implemented 15 device resources after synthesis - the final resource count might be different
    Info (21058): Implemented 7 input pins
    Info (21059): Implemented 8 output pins
Info: Quartus Prime Analysis & Synthesis was successful. 0 errors, 32 warnings
    Info: Peak virtual memory: 4738 megabytes
    Info: Processing ended: Sat Apr 04 20:52:51 2020
    Info: Elapsed time: 00:00:06
    Info: Total CPU time (on all processors): 00:00:16


+------------------------------------------+
; Analysis & Synthesis Suppressed Messages ;
+------------------------------------------+
The suppressed messages can be found in D:/FPGA/accRISCV/CPU/output_files/CPU.map.smsg.


