#-----------------------------------------------------------
# Vivado v2019.2.1 (64-bit)
# SW Build 2729669 on Thu Dec  5 04:49:17 MST 2019
# IP Build 2729494 on Thu Dec  5 07:38:25 MST 2019
# Start of session at: Sun Apr  5 00:14:54 2020
# Process ID: 29412
# Current directory: C:/Users/infin/Desktop/accRISCV/CPU_xil
# Command line: vivado.exe -gui_launcher_event rodinguilauncherevent28684 C:\Users\infin\Desktop\accRISCV\CPU_xil\CPU_xil.xpr
# Log file: C:/Users/infin/Desktop/accRISCV/CPU_xil/vivado.log
# Journal file: C:/Users/infin/Desktop/accRISCV/CPU_xil\vivado.jou
#-----------------------------------------------------------
start_gui
open_project C:/Users/infin/Desktop/accRISCV/CPU_xil/CPU_xil.xpr
INFO: [Project 1-313] Project file moved from 'C:/Users/infin/Desktop/accRISCV/CPU_xil/CPU_xil' since last save.
Scanning sources...
Finished scanning sources
INFO: [filemgmt 56-1] Board Part Repository Path: Directory not found as 'C:/Users/AppData/Roaming/Xilinx/Vivado/2019.2/xhub/board_store'; using path 'C:/Users/infin/AppData/Roaming/Xilinx/Vivado/2019.2/xhub/board_store' instead.
INFO: [IP_Flow 19-234] Refreshing IP repositories
INFO: [IP_Flow 19-1704] No user IP repositories specified
INFO: [IP_Flow 19-2313] Loaded Vivado IP repository 'C:/Xilinx/Vivado/2019.2/data/ip'.
open_project: Time (s): cpu = 00:00:14 ; elapsed = 00:00:08 . Memory (MB): peak = 1137.023 ; gain = 418.531
update_compile_order -fileset sources_1
reset_run synth_1
launch_runs impl_1 -jobs 8
[Sun Apr  5 00:15:29 2020] Launched synth_1...
Run output will be captured here: C:/Users/infin/Desktop/accRISCV/CPU_xil/CPU_xil.runs/synth_1/runme.log
[Sun Apr  5 00:15:30 2020] Launched impl_1...
Run output will be captured here: C:/Users/infin/Desktop/accRISCV/CPU_xil/CPU_xil.runs/impl_1/runme.log
open_run impl_1
INFO: [Device 21-403] Loading part xc7z020clg400-1
Netlist sorting complete. Time (s): cpu = 00:00:00 ; elapsed = 00:00:00 . Memory (MB): peak = 1432.762 ; gain = 0.000
INFO: [Project 1-479] Netlist was created with Vivado 2019.2.1
INFO: [Project 1-570] Preparing netlist for logic optimization
INFO: [Timing 38-478] Restoring timing data from binary archive.
INFO: [Timing 38-479] Binary timing data restore complete.
INFO: [Project 1-856] Restoring constraints from binary archive.
INFO: [Project 1-853] Binary constraint restore complete.
Reading XDEF placement.
Reading placer database...
Reading XDEF routing.
Read XDEF File: Time (s): cpu = 00:00:00 ; elapsed = 00:00:00.041 . Memory (MB): peak = 2049.566 ; gain = 0.000
Restored from archive | CPU: 0.000000 secs | Memory: 0.000000 MB |
Finished XDEF File Restore: Time (s): cpu = 00:00:00 ; elapsed = 00:00:00.043 . Memory (MB): peak = 2049.566 ; gain = 0.000
Netlist sorting complete. Time (s): cpu = 00:00:00 ; elapsed = 00:00:00 . Memory (MB): peak = 2049.566 ; gain = 0.000
INFO: [Project 1-111] Unisim Transformation Summary:
No Unisim elements were transformed.

open_run: Time (s): cpu = 00:00:24 ; elapsed = 00:00:17 . Memory (MB): peak = 2224.047 ; gain = 970.195
reset_run synth_1
launch_runs impl_1 -to_step write_bitstream -jobs 16
[Sun Apr  5 00:27:07 2020] Launched synth_1...
Run output will be captured here: C:/Users/infin/Desktop/accRISCV/CPU_xil/CPU_xil.runs/synth_1/runme.log
[Sun Apr  5 00:27:07 2020] Launched impl_1...
Run output will be captured here: C:/Users/infin/Desktop/accRISCV/CPU_xil/CPU_xil.runs/impl_1/runme.log
exit
INFO: [Common 17-206] Exiting Vivado at Sun Apr  5 00:37:09 2020...
